TN:
SF:frontend\js\trade.js
FN:4,(anonymous_0)
FN:11,(anonymous_1)
FN:41,cargarCartasDeseadas
FN:87,cargarCartasIntercambiables
FN:100,(anonymous_4)
FN:135,showToast
FN:156,(anonymous_6)
FNF:7
FNH:6
FNDA:2,(anonymous_0)
FNDA:1,(anonymous_1)
FNDA:9,cargarCartasDeseadas
FNDA:8,cargarCartasIntercambiables
FNDA:3,(anonymous_4)
FNDA:4,showToast
FNDA:0,(anonymous_6)
DA:4,3
DA:5,2
DA:6,2
DA:9,2
DA:10,2
DA:11,2
DA:12,1
DA:13,1
DA:14,1
DA:15,1
DA:17,1
DA:18,1
DA:24,1
DA:25,1
DA:26,1
DA:27,1
DA:28,1
DA:30,0
DA:33,0
DA:34,0
DA:42,9
DA:43,9
DA:45,9
DA:46,9
DA:47,8
DA:48,7
DA:49,7
DA:50,1
DA:51,1
DA:53,6
DA:57,6
DA:59,2
DA:60,2
DA:61,1
DA:62,1
DA:64,1
DA:67,2
DA:68,2
DA:69,2
DA:78,2
DA:81,2
DA:82,2
DA:88,8
DA:89,8
DA:91,8
DA:92,8
DA:93,7
DA:94,6
DA:95,6
DA:96,1
DA:97,1
DA:100,5
DA:101,5
DA:105,5
DA:107,2
DA:108,2
DA:109,1
DA:110,1
DA:112,1
DA:115,2
DA:116,2
DA:117,2
DA:126,2
DA:129,2
DA:130,2
DA:136,4
DA:137,4
DA:138,1
DA:139,1
DA:142,3
DA:143,3
DA:144,3
DA:145,3
DA:146,3
DA:147,3
DA:148,3
DA:154,3
DA:156,3
DA:157,0
DA:162,3
DA:163,3
DA:171,3
DA:172,3
DA:173,3
LF:84
LH:80
BRDA:10,0,0,2
BRDA:10,0,1,0
BRDA:15,1,0,0
BRDA:15,1,1,1
BRDA:25,2,0,1
BRDA:25,2,1,0
BRDA:47,3,0,1
BRDA:47,3,1,7
BRDA:49,4,0,1
BRDA:49,4,1,6
BRDA:53,5,0,2
BRDA:53,5,1,4
BRDA:75,6,0,2
BRDA:75,6,1,1
BRDA:93,7,0,1
BRDA:93,7,1,6
BRDA:95,8,0,1
BRDA:95,8,1,5
BRDA:101,9,0,2
BRDA:101,9,1,3
BRDA:123,10,0,2
BRDA:123,10,1,1
BRDA:135,11,0,0
BRDA:137,12,0,1
BRDA:137,12,1,3
BRDA:143,13,0,2
BRDA:143,13,1,1
BRDA:162,14,0,3
BRDA:162,14,1,0
BRDA:162,15,0,3
BRDA:162,15,1,3
BRF:31
BRH:26
end_of_record
